<?xml version="1.0" encoding="UTF-8"?>
<testsuite xmlns:xsi="http://www.w3.org/2001/XMLSchema-instance" xsi:noNamespaceSchemaLocation="https://maven.apache.org/surefire/maven-surefire-plugin/xsd/surefire-test-report.xsd" name="TestSuite" time="491.908" tests="18" errors="0" skipped="0" failures="0">
  <properties>
    <property name="sun.desktop" value="gnome"/>
    <property name="awt.toolkit" value="sun.awt.X11.XToolkit"/>
    <property name="java.specification.version" value="11"/>
    <property name="sun.cpu.isalist" value=""/>
    <property name="sun.jnu.encoding" value="UTF-8"/>
    <property name="java.class.path" value="/home/niveus/Admin/admin/target/test-classes:/home/niveus/Admin/admin/target/classes:/home/niveus/.m2/repository/org/seleniumhq/selenium/selenium-java/3.141.59/selenium-java-3.141.59.jar:/home/niveus/.m2/repository/org/seleniumhq/selenium/selenium-api/3.141.59/selenium-api-3.141.59.jar:/home/niveus/.m2/repository/org/seleniumhq/selenium/selenium-chrome-driver/3.141.59/selenium-chrome-driver-3.141.59.jar:/home/niveus/.m2/repository/org/seleniumhq/selenium/selenium-edge-driver/3.141.59/selenium-edge-driver-3.141.59.jar:/home/niveus/.m2/repository/org/seleniumhq/selenium/selenium-firefox-driver/3.141.59/selenium-firefox-driver-3.141.59.jar:/home/niveus/.m2/repository/org/seleniumhq/selenium/selenium-ie-driver/3.141.59/selenium-ie-driver-3.141.59.jar:/home/niveus/.m2/repository/org/seleniumhq/selenium/selenium-opera-driver/3.141.59/selenium-opera-driver-3.141.59.jar:/home/niveus/.m2/repository/org/seleniumhq/selenium/selenium-remote-driver/3.141.59/selenium-remote-driver-3.141.59.jar:/home/niveus/.m2/repository/org/seleniumhq/selenium/selenium-safari-driver/3.141.59/selenium-safari-driver-3.141.59.jar:/home/niveus/.m2/repository/org/seleniumhq/selenium/selenium-support/3.141.59/selenium-support-3.141.59.jar:/home/niveus/.m2/repository/net/bytebuddy/byte-buddy/1.8.15/byte-buddy-1.8.15.jar:/home/niveus/.m2/repository/org/apache/commons/commons-exec/1.3/commons-exec-1.3.jar:/home/niveus/.m2/repository/com/google/guava/guava/25.0-jre/guava-25.0-jre.jar:/home/niveus/.m2/repository/com/google/code/findbugs/jsr305/1.3.9/jsr305-1.3.9.jar:/home/niveus/.m2/repository/org/checkerframework/checker-compat-qual/2.0.0/checker-compat-qual-2.0.0.jar:/home/niveus/.m2/repository/com/google/errorprone/error_prone_annotations/2.1.3/error_prone_annotations-2.1.3.jar:/home/niveus/.m2/repository/com/google/j2objc/j2objc-annotations/1.1/j2objc-annotations-1.1.jar:/home/niveus/.m2/repository/org/codehaus/mojo/animal-sniffer-annotations/1.14/animal-sniffer-annotations-1.14.jar:/home/niveus/.m2/repository/com/squareup/okhttp3/okhttp/3.11.0/okhttp-3.11.0.jar:/home/niveus/.m2/repository/com/squareup/okio/okio/1.14.0/okio-1.14.0.jar:/home/niveus/.m2/repository/org/testng/testng/7.0.0/testng-7.0.0.jar:/home/niveus/.m2/repository/com/beust/jcommander/1.72/jcommander-1.72.jar:/home/niveus/.m2/repository/commons-io/commons-io/2.6/commons-io-2.6.jar:/home/niveus/.m2/repository/org/apache/commons/commons-lang3/3.8.1/commons-lang3-3.8.1.jar:/home/niveus/.m2/repository/org/apache/poi/poi/4.1.1/poi-4.1.1.jar:/home/niveus/.m2/repository/commons-codec/commons-codec/1.13/commons-codec-1.13.jar:/home/niveus/.m2/repository/org/apache/commons/commons-collections4/4.4/commons-collections4-4.4.jar:/home/niveus/.m2/repository/org/apache/commons/commons-math3/3.6.1/commons-math3-3.6.1.jar:/home/niveus/.m2/repository/org/apache/poi/poi-ooxml/4.1.0/poi-ooxml-4.1.0.jar:/home/niveus/.m2/repository/org/apache/poi/poi-ooxml-schemas/4.1.0/poi-ooxml-schemas-4.1.0.jar:/home/niveus/.m2/repository/org/apache/xmlbeans/xmlbeans/3.1.0/xmlbeans-3.1.0.jar:/home/niveus/.m2/repository/org/apache/commons/commons-compress/1.18/commons-compress-1.18.jar:/home/niveus/.m2/repository/com/github/virtuald/curvesapi/1.06/curvesapi-1.06.jar:/home/niveus/.m2/repository/junit/junit/4.11/junit-4.11.jar:/home/niveus/.m2/repository/org/hamcrest/hamcrest-core/1.3/hamcrest-core-1.3.jar:/home/niveus/.m2/repository/javax/activation/activation/1.1.1/activation-1.1.1.jar:/home/niveus/.m2/repository/org/postgresql/postgresql/42.1.4/postgresql-42.1.4.jar:/home/niveus/.m2/repository/com/sun/mail/javax.mail/1.5.6/javax.mail-1.5.6.jar:/home/niveus/.m2/repository/com/aventstack/extentreports/3.0.6/extentreports-3.0.6.jar:/home/niveus/.m2/repository/org/freemarker/freemarker/2.3.23/freemarker-2.3.23.jar:/home/niveus/.m2/repository/org/mongodb/mongodb-driver/3.3.0/mongodb-driver-3.3.0.jar:/home/niveus/.m2/repository/org/mongodb/bson/3.3.0/bson-3.3.0.jar:/home/niveus/.m2/repository/org/mongodb/mongodb-driver-core/3.3.0/mongodb-driver-core-3.3.0.jar:/home/niveus/.m2/repository/org/apache/httpcomponents/httpclient/4.5.2/httpclient-4.5.2.jar:/home/niveus/.m2/repository/org/apache/httpcomponents/httpcore/4.4.4/httpcore-4.4.4.jar:/home/niveus/.m2/repository/commons-logging/commons-logging/1.2/commons-logging-1.2.jar:/home/niveus/.m2/repository/org/apache/httpcomponents/httpmime/4.5.2/httpmime-4.5.2.jar:/home/niveus/.m2/repository/org/jsoup/jsoup/1.9.2/jsoup-1.9.2.jar:/home/niveus/.m2/repository/com/relevantcodes/extentreports/2.41.2/extentreports-2.41.2.jar:/home/niveus/.m2/repository/org/xerial/sqlite-jdbc/3.8.11.1/sqlite-jdbc-3.8.11.1.jar:"/>
    <property name="java.vm.vendor" value="Ubuntu"/>
    <property name="sun.arch.data.model" value="64"/>
    <property name="java.vendor.url" value="https://ubuntu.com/"/>
    <property name="user.timezone" value=""/>
    <property name="java.vm.specification.version" value="11"/>
    <property name="os.name" value="Linux"/>
    <property name="sun.java.launcher" value="SUN_STANDARD"/>
    <property name="user.country" value="IN"/>
    <property name="sun.boot.library.path" value="/usr/lib/jvm/java-11-openjdk-amd64/lib"/>
    <property name="sun.java.command" value="/home/niveus/Admin/admin/target/surefire/surefirebooter9738813431864349116.jar /home/niveus/Admin/admin/target/surefire 2021-04-16T16-40-30_164-jvmRun1 surefire7656609454690646980tmp surefire_015769572678693380480tmp"/>
    <property name="jdk.debug" value="release"/>
    <property name="surefire.test.class.path" value="/home/niveus/Admin/admin/target/test-classes:/home/niveus/Admin/admin/target/classes:/home/niveus/.m2/repository/org/seleniumhq/selenium/selenium-java/3.141.59/selenium-java-3.141.59.jar:/home/niveus/.m2/repository/org/seleniumhq/selenium/selenium-api/3.141.59/selenium-api-3.141.59.jar:/home/niveus/.m2/repository/org/seleniumhq/selenium/selenium-chrome-driver/3.141.59/selenium-chrome-driver-3.141.59.jar:/home/niveus/.m2/repository/org/seleniumhq/selenium/selenium-edge-driver/3.141.59/selenium-edge-driver-3.141.59.jar:/home/niveus/.m2/repository/org/seleniumhq/selenium/selenium-firefox-driver/3.141.59/selenium-firefox-driver-3.141.59.jar:/home/niveus/.m2/repository/org/seleniumhq/selenium/selenium-ie-driver/3.141.59/selenium-ie-driver-3.141.59.jar:/home/niveus/.m2/repository/org/seleniumhq/selenium/selenium-opera-driver/3.141.59/selenium-opera-driver-3.141.59.jar:/home/niveus/.m2/repository/org/seleniumhq/selenium/selenium-remote-driver/3.141.59/selenium-remote-driver-3.141.59.jar:/home/niveus/.m2/repository/org/seleniumhq/selenium/selenium-safari-driver/3.141.59/selenium-safari-driver-3.141.59.jar:/home/niveus/.m2/repository/org/seleniumhq/selenium/selenium-support/3.141.59/selenium-support-3.141.59.jar:/home/niveus/.m2/repository/net/bytebuddy/byte-buddy/1.8.15/byte-buddy-1.8.15.jar:/home/niveus/.m2/repository/org/apache/commons/commons-exec/1.3/commons-exec-1.3.jar:/home/niveus/.m2/repository/com/google/guava/guava/25.0-jre/guava-25.0-jre.jar:/home/niveus/.m2/repository/com/google/code/findbugs/jsr305/1.3.9/jsr305-1.3.9.jar:/home/niveus/.m2/repository/org/checkerframework/checker-compat-qual/2.0.0/checker-compat-qual-2.0.0.jar:/home/niveus/.m2/repository/com/google/errorprone/error_prone_annotations/2.1.3/error_prone_annotations-2.1.3.jar:/home/niveus/.m2/repository/com/google/j2objc/j2objc-annotations/1.1/j2objc-annotations-1.1.jar:/home/niveus/.m2/repository/org/codehaus/mojo/animal-sniffer-annotations/1.14/animal-sniffer-annotations-1.14.jar:/home/niveus/.m2/repository/com/squareup/okhttp3/okhttp/3.11.0/okhttp-3.11.0.jar:/home/niveus/.m2/repository/com/squareup/okio/okio/1.14.0/okio-1.14.0.jar:/home/niveus/.m2/repository/org/testng/testng/7.0.0/testng-7.0.0.jar:/home/niveus/.m2/repository/com/beust/jcommander/1.72/jcommander-1.72.jar:/home/niveus/.m2/repository/commons-io/commons-io/2.6/commons-io-2.6.jar:/home/niveus/.m2/repository/org/apache/commons/commons-lang3/3.8.1/commons-lang3-3.8.1.jar:/home/niveus/.m2/repository/org/apache/poi/poi/4.1.1/poi-4.1.1.jar:/home/niveus/.m2/repository/commons-codec/commons-codec/1.13/commons-codec-1.13.jar:/home/niveus/.m2/repository/org/apache/commons/commons-collections4/4.4/commons-collections4-4.4.jar:/home/niveus/.m2/repository/org/apache/commons/commons-math3/3.6.1/commons-math3-3.6.1.jar:/home/niveus/.m2/repository/org/apache/poi/poi-ooxml/4.1.0/poi-ooxml-4.1.0.jar:/home/niveus/.m2/repository/org/apache/poi/poi-ooxml-schemas/4.1.0/poi-ooxml-schemas-4.1.0.jar:/home/niveus/.m2/repository/org/apache/xmlbeans/xmlbeans/3.1.0/xmlbeans-3.1.0.jar:/home/niveus/.m2/repository/org/apache/commons/commons-compress/1.18/commons-compress-1.18.jar:/home/niveus/.m2/repository/com/github/virtuald/curvesapi/1.06/curvesapi-1.06.jar:/home/niveus/.m2/repository/junit/junit/4.11/junit-4.11.jar:/home/niveus/.m2/repository/org/hamcrest/hamcrest-core/1.3/hamcrest-core-1.3.jar:/home/niveus/.m2/repository/javax/activation/activation/1.1.1/activation-1.1.1.jar:/home/niveus/.m2/repository/org/postgresql/postgresql/42.1.4/postgresql-42.1.4.jar:/home/niveus/.m2/repository/com/sun/mail/javax.mail/1.5.6/javax.mail-1.5.6.jar:/home/niveus/.m2/repository/com/aventstack/extentreports/3.0.6/extentreports-3.0.6.jar:/home/niveus/.m2/repository/org/freemarker/freemarker/2.3.23/freemarker-2.3.23.jar:/home/niveus/.m2/repository/org/mongodb/mongodb-driver/3.3.0/mongodb-driver-3.3.0.jar:/home/niveus/.m2/repository/org/mongodb/bson/3.3.0/bson-3.3.0.jar:/home/niveus/.m2/repository/org/mongodb/mongodb-driver-core/3.3.0/mongodb-driver-core-3.3.0.jar:/home/niveus/.m2/repository/org/apache/httpcomponents/httpclient/4.5.2/httpclient-4.5.2.jar:/home/niveus/.m2/repository/org/apache/httpcomponents/httpcore/4.4.4/httpcore-4.4.4.jar:/home/niveus/.m2/repository/commons-logging/commons-logging/1.2/commons-logging-1.2.jar:/home/niveus/.m2/repository/org/apache/httpcomponents/httpmime/4.5.2/httpmime-4.5.2.jar:/home/niveus/.m2/repository/org/jsoup/jsoup/1.9.2/jsoup-1.9.2.jar:/home/niveus/.m2/repository/com/relevantcodes/extentreports/2.41.2/extentreports-2.41.2.jar:/home/niveus/.m2/repository/org/xerial/sqlite-jdbc/3.8.11.1/sqlite-jdbc-3.8.11.1.jar:"/>
    <property name="sun.cpu.endian" value="little"/>
    <property name="user.home" value="/home/niveus"/>
    <property name="user.language" value="en"/>
    <property name="java.specification.vendor" value="Oracle Corporation"/>
    <property name="java.version.date" value="2021-01-19"/>
    <property name="java.home" value="/usr/lib/jvm/java-11-openjdk-amd64"/>
    <property name="file.separator" value="/"/>
    <property name="basedir" value="/home/niveus/Admin/admin"/>
    <property name="java.vm.compressedOopsMode" value="Zero based"/>
    <property name="line.separator" value="&#10;"/>
    <property name="java.specification.name" value="Java Platform API Specification"/>
    <property name="java.vm.specification.vendor" value="Oracle Corporation"/>
    <property name="java.awt.graphicsenv" value="sun.awt.X11GraphicsEnvironment"/>
    <property name="surefire.real.class.path" value="/home/niveus/Admin/admin/target/surefire/surefirebooter9738813431864349116.jar"/>
    <property name="sun.management.compiler" value="HotSpot 64-Bit Tiered Compilers"/>
    <property name="java.runtime.version" value="11.0.10+9-Ubuntu-0ubuntu1.20.04"/>
    <property name="user.name" value="niveus"/>
    <property name="path.separator" value=":"/>
    <property name="os.version" value="5.4.0-71-generic"/>
    <property name="java.runtime.name" value="OpenJDK Runtime Environment"/>
    <property name="file.encoding" value="UTF-8"/>
    <property name="java.vm.name" value="OpenJDK 64-Bit Server VM"/>
    <property name="localRepository" value="/home/niveus/.m2/repository"/>
    <property name="java.vendor.url.bug" value="https://bugs.launchpad.net/ubuntu/+source/openjdk-lts"/>
    <property name="java.io.tmpdir" value="/tmp"/>
    <property name="java.version" value="11.0.10"/>
    <property name="user.dir" value="/home/niveus/Admin/admin"/>
    <property name="os.arch" value="amd64"/>
    <property name="java.vm.specification.name" value="Java Virtual Machine Specification"/>
    <property name="java.awt.printerjob" value="sun.print.PSPrinterJob"/>
    <property name="sun.os.patch.level" value="unknown"/>
    <property name="java.library.path" value="/usr/java/packages/lib:/usr/lib/x86_64-linux-gnu/jni:/lib/x86_64-linux-gnu:/usr/lib/x86_64-linux-gnu:/usr/lib/jni:/lib:/usr/lib"/>
    <property name="java.vm.info" value="mixed mode, sharing"/>
    <property name="java.vendor" value="Ubuntu"/>
    <property name="java.vm.version" value="11.0.10+9-Ubuntu-0ubuntu1.20.04"/>
    <property name="sun.io.unicode.encoding" value="UnicodeLittle"/>
    <property name="java.class.version" value="55.0"/>
  </properties>
  <testcase name="addAdminValidation" classname="com.niveus.AddAdminTest" time="18.424"/>
  <testcase name="adminLoginValidation" classname="com.niveus.LoginTest" time="4.216"/>
  <testcase name="configurationValidation" classname="com.niveus.ConfigurationTest" time="42.902"/>
  <testcase name="SearchUSerValidation" classname="com.niveus.UserSearchTest" time="27.329"/>
  <testcase name="searchValidationTest" classname="com.niveus.SearchSpecialtyTest" time="13.809"/>
  <testcase name="UserValidationTest" classname="com.niveus.UserLoginTest" time="6.213"/>
  <testcase name="deleteSpecValidation" classname="com.niveus.DeleteSpecialtyTest" time="15.578"/>
  <testcase name="adminSearchValidation" classname="com.niveus.SearchAdminTest" time="11.327"/>
  <testcase name="editOrganizationValidation" classname="com.niveus.EditOrganizationTest" time="26.85"/>
  <testcase name="OrgSpecSearchValidation" classname="com.niveus.OrgSpecialtySearchTest" time="31.863"/>
  <testcase name="addUserValidation" classname="com.niveus.AddUserTest" time="24.321"/>
  <testcase name="InvalidLoginValidation" classname="com.niveus.InValidLoginTest" time="4.772"/>
  <testcase name="addOrganizationValiation" classname="com.niveus.AddOrganizationTest" time="18.215"/>
  <testcase name="deleteOrgnizationValidation" classname="com.niveus.DeleteOrganizationTest" time="142.156"/>
  <testcase name="logoutValidationTest" classname="com.niveus.LogoutTest" time="6.517"/>
  <testcase name="searchOrgValidationTest" classname="com.niveus.SearchOrgTest" time="19.582"/>
  <testcase name="editSPecValidation" classname="com.niveus.EditSpecialityTest" time="15.712"/>
  <testcase name="SearchUSerEmailIdValidation" classname="com.niveus.SearchUserEmailIDTest" time="31.366"/>
</testsuite>