<?xml version="1.0" encoding="UTF-8"?>
<!-- Generated by org.testng.reporters.JUnitReportReporter -->
<testsuite hostname="niveus-HP-EliteBook-820-G3" failures="0" tests="1" name="com.niveus.SearchOrgTest" time="10.869" errors="0" timestamp="2021-04-08T10:22:47 IST" skipped="0">
  <testcase classname="com.niveus.SearchOrgTest" name="searchOrgValidationTest" time="10.869"/>
</testsuite> <!-- com.niveus.SearchOrgTest -->
