<?xml version="1.0" encoding="UTF-8"?>
<!-- Generated by org.testng.reporters.JUnitReportReporter -->
<testsuite hostname="niveus-HP-EliteBook-820-G3" failures="0" tests="1" name="com.niveus.EditSpecialityTest" time="13.521" errors="0" timestamp="2021-04-08T12:41:32 IST" skipped="0">
  <testcase classname="com.niveus.EditSpecialityTest" name="editSPecValidation" time="13.521"/>
</testsuite> <!-- com.niveus.EditSpecialityTest -->
