<?xml version="1.0" encoding="UTF-8"?>
<!-- Generated by org.testng.reporters.JUnitReportReporter -->
<testsuite hostname="niveus-HP-EliteBook-820-G3" failures="0" tests="1" name="com.niveus.LogoutTest" time="10.944" errors="0" timestamp="2021-04-07T11:47:27 IST" skipped="0">
  <testcase classname="com.niveus.LogoutTest" name="logoutValidationTest" time="10.944"/>
</testsuite> <!-- com.niveus.LogoutTest -->
