<?xml version="1.0" encoding="UTF-8"?>
<!-- Generated by org.testng.reporters.JUnitReportReporter -->
<testsuite hostname="niveus-HP-EliteBook-820-G3" failures="0" tests="1" name="com.niveus.SearchUserEmailIDTest" time="11.981" errors="0" timestamp="2020-11-09T12:32:20 IST" skipped="0">
  <testcase classname="com.niveus.SearchUserEmailIDTest" name="SearchUSerEmailIdValidation" time="11.981"/>
</testsuite> <!-- com.niveus.SearchUserEmailIDTest -->
