<?xml version="1.0" encoding="UTF-8"?>
<!-- Generated by org.testng.reporters.JUnitReportReporter -->
<testsuite hostname="niveus-HP-EliteBook-820-G3" failures="0" tests="1" name="com.niveus.AddOrganizationTest" time="15.190" errors="0" timestamp="2021-04-09T15:27:30 IST" skipped="0">
  <testcase classname="com.niveus.AddOrganizationTest" name="addOrganizationValiation" time="15.190"/>
</testsuite> <!-- com.niveus.AddOrganizationTest -->
