<?xml version="1.0" encoding="UTF-8"?>
<!-- Generated by org.testng.reporters.JUnitReportReporter -->
<testsuite hostname="niveus-HP-EliteBook-820-G3" failures="0" tests="1" name="com.niveus.ConfigurationTest" time="47.570" errors="0" timestamp="2021-04-16T15:13:43 IST" skipped="0">
  <testcase classname="com.niveus.ConfigurationTest" name="configurationValidation" time="47.570"/>
</testsuite> <!-- com.niveus.ConfigurationTest -->
