<?xml version="1.0" encoding="UTF-8"?>
<!-- Generated by org.testng.reporters.JUnitReportReporter -->
<testsuite hostname="niveus-HP-EliteBook-820-G3" failures="0" tests="1" name="com.niveus.SearchAdminTest" time="9.068" errors="0" timestamp="2020-11-09T10:28:32 IST" skipped="0">
  <testcase classname="com.niveus.SearchAdminTest" name="adminSearchValidation" time="9.068"/>
</testsuite> <!-- com.niveus.SearchAdminTest -->
