<?xml version="1.0" encoding="UTF-8"?>
<!-- Generated by org.testng.reporters.JUnitReportReporter -->
<testsuite hostname="niveus-HP-EliteBook-820-G3" failures="0" tests="1" name="com.niveus.AddAdminTest" time="14.471" errors="0" timestamp="2020-11-11T10:52:43 IST" skipped="0">
  <testcase classname="com.niveus.AddAdminTest" name="addAdminValidation" time="14.471"/>
</testsuite> <!-- com.niveus.AddAdminTest -->
