<?xml version="1.0" encoding="UTF-8"?>
<!-- Generated by org.testng.reporters.JUnitReportReporter -->
<testsuite hostname="niveus-HP-EliteBook-820-G3" failures="0" tests="1" name="com.niveus.UserLoginTest" time="3.089" errors="0" timestamp="2021-04-08T10:49:53 IST" skipped="0">
  <testcase classname="com.niveus.UserLoginTest" name="UserValidationTest" time="3.089"/>
</testsuite> <!-- com.niveus.UserLoginTest -->
