<?xml version="1.0" encoding="UTF-8"?>
<!-- Generated by org.testng.reporters.JUnitReportReporter -->
<testsuite hostname="niveus-HP-EliteBook-820-G3" failures="0" tests="1" name="com.niveus.AddUserTest" time="21.367" errors="0" timestamp="2021-04-09T15:23:25 IST" skipped="0">
  <testcase classname="com.niveus.AddUserTest" name="addUserValidation" time="21.367"/>
</testsuite> <!-- com.niveus.AddUserTest -->
