<?xml version="1.0" encoding="UTF-8"?>
<!-- Generated by org.testng.reporters.JUnitReportReporter -->
<testsuite hostname="niveus-HP-EliteBook-820-G3" failures="0" tests="1" name="com.niveus.EditOrganizationTest" time="20.021" errors="0" timestamp="2021-04-08T14:57:06 IST" skipped="0">
  <testcase classname="com.niveus.EditOrganizationTest" name="editOrganizationValidation" time="20.021"/>
</testsuite> <!-- com.niveus.EditOrganizationTest -->
