<?xml version="1.0" encoding="UTF-8"?>
<!-- Generated by org.testng.reporters.JUnitReportReporter -->
<testsuite hostname="niveus-HP-EliteBook-820-G3" failures="0" tests="1" name="com.niveus.LoginTest" time="0.520" errors="0" timestamp="2020-09-29T22:55:15 IST" skipped="0">
  <testcase classname="com.niveus.LoginTest" name="adminLoginValidation" time="0.520"/>
</testsuite> <!-- com.niveus.LoginTest -->
