<?xml version="1.0" encoding="UTF-8"?>
<!-- Generated by org.testng.reporters.JUnitReportReporter -->
<testsuite hostname="niveus-HP-EliteBook-820-G3" failures="0" tests="1" name="com.niveus.Afyalauch" time="0.014" errors="0" timestamp="2020-09-29T17:25:46 IST" skipped="0">
  <testcase classname="com.niveus.Afyalauch" name="add" time="0.014"/>
</testsuite> <!-- com.niveus.Afyalauch -->
