<?xml version="1.0" encoding="UTF-8"?>
<!-- Generated by org.testng.reporters.JUnitReportReporter -->
<testsuite hostname="niveus-HP-EliteBook-820-G3" failures="0" tests="1" name="com.niveus.UserSearchTest" time="7.383" errors="0" timestamp="2021-04-08T11:50:45 IST" skipped="0">
  <testcase classname="com.niveus.UserSearchTest" name="SearchUSerValidation" time="7.383"/>
</testsuite> <!-- com.niveus.UserSearchTest -->
