<?xml version="1.0" encoding="UTF-8"?>
<!-- Generated by org.testng.reporters.JUnitReportReporter -->
<testsuite hostname="niveus-HP-EliteBook-820-G3" failures="0" tests="1" name="com.niveus.OrgSpecialtySearchTest" time="20.411" errors="0" timestamp="2021-04-07T11:58:19 IST" skipped="0">
  <testcase classname="com.niveus.OrgSpecialtySearchTest" name="OrgSpecSearchValidation" time="20.411"/>
</testsuite> <!-- com.niveus.OrgSpecialtySearchTest -->
