<?xml version="1.0" encoding="UTF-8"?>
<!-- Generated by org.testng.reporters.JUnitReportReporter -->
<testsuite hostname="niveus-HP-EliteBook-820-G3" failures="0" tests="1" name="com.niveus.DeleteSpecialtyTest" time="11.874" errors="0" timestamp="2021-04-09T13:40:46 IST" skipped="0">
  <testcase classname="com.niveus.DeleteSpecialtyTest" name="deleteSpecValidation" time="11.874"/>
</testsuite> <!-- com.niveus.DeleteSpecialtyTest -->
