<?xml version="1.0" encoding="UTF-8"?>
<!-- Generated by org.testng.reporters.JUnitReportReporter -->
<testsuite hostname="niveus-HP-EliteBook-820-G3" failures="0" tests="1" name="com.niveus.OrgSpecialtySearchTest" time="31.935" errors="0" timestamp="2021-04-16T16:48:42 IST" skipped="0">
  <testcase classname="com.niveus.OrgSpecialtySearchTest" name="OrgSpecSearchValidation" time="31.935"/>
</testsuite> <!-- com.niveus.OrgSpecialtySearchTest -->
