<?xml version="1.0" encoding="UTF-8"?>
<!-- Generated by org.testng.reporters.JUnitReportReporter -->
<testsuite hostname="niveus-HP-EliteBook-820-G3" failures="0" tests="1" name="com.niveus.DeleteSpecialtyTest" time="15.649" errors="0" timestamp="2021-04-16T16:48:42 IST" skipped="0">
  <testcase classname="com.niveus.DeleteSpecialtyTest" name="deleteSpecValidation" time="15.649"/>
</testsuite> <!-- com.niveus.DeleteSpecialtyTest -->
